<?xml version="1.0" encoding="UTF-8"?>
<!-- Generated by org.testng.reporters.JUnitXMLReporter -->
<testsuite hostname="LAPTOP-LERP38DH" ignored="0" name="Default test" tests="9" failures="0" timestamp="2019-10-11T05:01:35 IST" time="217.51" errors="0">
  <testcase name="VerifyAllInputFillFormAndSubmit" time="17.84" classname="AvaamoTesting.AvaamoBotTests.AvaamoTests"/>
  <testcase name="VerifyCarouselAndClickJamesLink" time="8.509" classname="AvaamoTesting.AvaamoBotTests.AvaamoTests"/>
  <testcase name="VerifyMainMenuOptions" time="4.315" classname="AvaamoTesting.AvaamoBotTests.AvaamoTests"/>
  <testcase name="VerifyQuickReplyAndSelectIndia" time="12.659" classname="AvaamoTesting.AvaamoBotTests.AvaamoTests"/>
  <testcase name="VerifyWebViewAndClickAvaamo" time="12.692" classname="AvaamoTesting.AvaamoBotTests.AvaamoTests"/>
  <testcase name="VerifyWebViewAndClickCall" time="12.84" classname="AvaamoTesting.AvaamoBotTests.AvaamoTests"/>
  <testcase name="VerifyWebViewAndClickLocation" time="12.687" classname="AvaamoTesting.AvaamoBotTests.AvaamoTests"/>
  <testcase name="VerifyAvaamoChatBot" time="0.062" classname="AvaamoTesting.AvaamoBotTests.AvaamoTests"/>
  <testcase name="VerifyTextInputAndResponseMessage" time="4.464" classname="AvaamoTesting.AvaamoBotTests.AvaamoTests"/>
</testsuite> <!-- Default test -->
